mode: set
github.com/aaronireland/state-server/main.go:23.13,28.16 4 0
github.com/aaronireland/state-server/main.go:28.16,30.3 1 0
github.com/aaronireland/state-server/main.go:32.2,34.74 3 0
github.com/aaronireland/state-server/main.go:34.74,36.3 1 0
github.com/aaronireland/state-server/main.go:39.28,40.19 1 0
github.com/aaronireland/state-server/main.go:40.19,42.3 1 0
github.com/aaronireland/state-server/main.go:44.2,46.17 2 0
github.com/aaronireland/state-server/main.go:47.15,48.28 1 0
github.com/aaronireland/state-server/main.go:49.14,50.31 1 0
github.com/aaronireland/state-server/main.go:51.10,52.9 1 0
github.com/aaronireland/state-server/main.go:57.63,60.16 3 0
github.com/aaronireland/state-server/main.go:60.16,62.3 1 0
github.com/aaronireland/state-server/main.go:64.2,67.21 3 0
github.com/aaronireland/state-server/main.go:67.21,70.43 3 0
github.com/aaronireland/state-server/main.go:70.43,73.18 3 0
github.com/aaronireland/state-server/main.go:73.18,75.5 1 0
github.com/aaronireland/state-server/main.go:77.4,77.48 1 0
github.com/aaronireland/state-server/main.go:77.48,79.5 1 0
github.com/aaronireland/state-server/main.go:79.10,79.26 1 0
github.com/aaronireland/state-server/main.go:79.26,81.5 1 0
github.com/aaronireland/state-server/main.go:85.2,85.8 1 0
github.com/aaronireland/state-server/main.go:88.56,90.16 2 0
github.com/aaronireland/state-server/main.go:90.16,92.3 1 0
github.com/aaronireland/state-server/main.go:93.2,94.16 2 0
github.com/aaronireland/state-server/main.go:94.16,96.3 1 0
github.com/aaronireland/state-server/main.go:98.2,98.39 1 0
github.com/aaronireland/state-server/main.go:98.39,100.3 1 0
github.com/aaronireland/state-server/main.go:102.2,103.29 2 0
github.com/aaronireland/state-server/main.go:103.29,105.3 1 0
github.com/aaronireland/state-server/main.go:106.2,106.15 1 0
github.com/aaronireland/state-server/main.go:107.21,108.18 1 0
github.com/aaronireland/state-server/main.go:109.21,110.19 1 0
github.com/aaronireland/state-server/main.go:113.2,113.17 1 0
github.com/aaronireland/state-server/main.go:116.47,117.53 1 0
github.com/aaronireland/state-server/main.go:117.53,119.3 1 0
github.com/aaronireland/state-server/main.go:121.2,123.19 3 0
github.com/aaronireland/state-server/main.go:126.77,129.16 3 0
github.com/aaronireland/state-server/main.go:129.16,131.3 1 0
github.com/aaronireland/state-server/main.go:132.2,138.8 5 0
github.com/aaronireland/state-server/main.go:141.65,148.6 6 0
github.com/aaronireland/state-server/main.go:148.6,149.10 1 0
github.com/aaronireland/state-server/main.go:150.20,152.10 2 0
github.com/aaronireland/state-server/main.go:153.19,156.26 3 0
github.com/aaronireland/state-server/main.go:156.26,159.5 2 0
github.com/aaronireland/state-server/main.go:164.63,166.16 2 0
github.com/aaronireland/state-server/main.go:166.16,168.3 1 0
github.com/aaronireland/state-server/main.go:170.2,170.50 1 0
github.com/aaronireland/state-server/main.go:170.50,173.3 2 0
github.com/aaronireland/state-server/main.go:175.2,175.29 1 0
github.com/aaronireland/state-server/main.go:175.29,176.48 1 0
github.com/aaronireland/state-server/main.go:176.48,178.4 1 0
github.com/aaronireland/state-server/main.go:178.9,180.4 1 0
github.com/aaronireland/state-server/main.go:183.2,183.28 1 0
github.com/aaronireland/state-server/main.go:183.28,185.17 2 0
github.com/aaronireland/state-server/main.go:185.17,187.19 2 0
github.com/aaronireland/state-server/main.go:187.19,189.5 1 0
github.com/aaronireland/state-server/main.go:190.4,190.86 1 0
github.com/aaronireland/state-server/main.go:191.9,193.4 1 0
github.com/aaronireland/state-server/main.go:196.2,196.12 1 0
github.com/aaronireland/state-server/internal/server/errors.go:19.78,22.2 2 1
github.com/aaronireland/state-server/internal/server/errors.go:25.47,32.2 1 1
github.com/aaronireland/state-server/internal/server/errors.go:35.53,42.2 1 1
github.com/aaronireland/state-server/internal/server/errors.go:45.49,52.2 1 1
github.com/aaronireland/state-server/internal/server/location_handler.go:16.88,18.31 1 1
github.com/aaronireland/state-server/internal/server/location_handler.go:18.31,19.28 1 1
github.com/aaronireland/state-server/internal/server/location_handler.go:19.28,21.4 1 1
github.com/aaronireland/state-server/internal/server/location_handler.go:24.2,24.8 1 1
github.com/aaronireland/state-server/internal/server/location_handler.go:29.91,31.16 2 1
github.com/aaronireland/state-server/internal/server/location_handler.go:31.16,34.3 2 1
github.com/aaronireland/state-server/internal/server/location_handler.go:36.2,37.16 2 1
github.com/aaronireland/state-server/internal/server/location_handler.go:37.16,40.3 2 1
github.com/aaronireland/state-server/internal/server/location_handler.go:42.2,43.39 2 1
github.com/aaronireland/state-server/internal/server/location_handler.go:43.39,44.61 1 1
github.com/aaronireland/state-server/internal/server/location_handler.go:44.61,47.4 2 1
github.com/aaronireland/state-server/internal/server/location_handler.go:47.9,49.4 1 1
github.com/aaronireland/state-server/internal/server/location_handler.go:52.2,52.40 1 1
github.com/aaronireland/state-server/internal/server/location_handler.go:52.40,53.61 1 1
github.com/aaronireland/state-server/internal/server/location_handler.go:53.61,56.4 2 1
github.com/aaronireland/state-server/internal/server/location_handler.go:56.9,58.4 1 1
github.com/aaronireland/state-server/internal/server/location_handler.go:61.2,62.16 2 1
github.com/aaronireland/state-server/internal/server/location_handler.go:62.16,65.3 2 1
github.com/aaronireland/state-server/internal/server/location_handler.go:67.2,69.32 3 1
github.com/aaronireland/state-server/internal/server/location_handler.go:69.32,72.3 2 1
github.com/aaronireland/state-server/internal/server/location_handler.go:74.2,74.37 1 1
github.com/aaronireland/state-server/internal/server/routes.go:10.32,19.2 6 1
github.com/aaronireland/state-server/internal/server/routes.go:22.48,30.2 6 1
github.com/aaronireland/state-server/internal/server/server.go:47.13,48.49 1 1
github.com/aaronireland/state-server/internal/server/server.go:48.49,50.3 1 1
github.com/aaronireland/state-server/internal/server/server.go:75.39,78.2 2 0
github.com/aaronireland/state-server/internal/server/server.go:80.41,83.16 3 1
github.com/aaronireland/state-server/internal/server/server.go:83.16,85.3 1 1
github.com/aaronireland/state-server/internal/server/server.go:86.2,86.20 1 1
github.com/aaronireland/state-server/internal/server/server.go:89.90,99.2 3 1
github.com/aaronireland/state-server/internal/server/server.go:101.56,114.44 5 0
github.com/aaronireland/state-server/internal/server/server.go:114.44,115.46 1 0
github.com/aaronireland/state-server/internal/server/server.go:115.46,117.4 1 0
github.com/aaronireland/state-server/internal/server/server.go:120.2,120.65 1 0
github.com/aaronireland/state-server/internal/server/server.go:120.65,122.3 1 0
github.com/aaronireland/state-server/internal/server/server.go:122.8,124.3 1 0
github.com/aaronireland/state-server/internal/server/server.go:126.2,126.24 1 0
github.com/aaronireland/state-server/internal/server/server.go:126.24,128.3 1 0
github.com/aaronireland/state-server/internal/server/server.go:130.2,130.12 1 0
github.com/aaronireland/state-server/internal/server/server.go:133.62,136.12 2 0
github.com/aaronireland/state-server/internal/server/server.go:136.12,144.3 5 0
github.com/aaronireland/state-server/internal/server/server.go:146.2,146.17 1 0
github.com/aaronireland/state-server/internal/server/server.go:149.13,150.45 1 0
github.com/aaronireland/state-server/internal/server/server.go:150.45,152.3 1 0
github.com/aaronireland/state-server/internal/server/server.go:154.2,155.16 2 0
github.com/aaronireland/state-server/internal/server/server.go:155.16,158.3 2 0
github.com/aaronireland/state-server/internal/server/server.go:159.2,159.14 1 0
github.com/aaronireland/state-server/internal/server/server.go:162.15,164.16 2 0
github.com/aaronireland/state-server/internal/server/server.go:164.16,167.3 2 0
github.com/aaronireland/state-server/internal/server/state_handler.go:32.53,41.2 1 1
github.com/aaronireland/state-server/internal/server/state_handler.go:44.77,46.2 1 1
github.com/aaronireland/state-server/internal/server/state_handler.go:49.78,53.16 3 1
github.com/aaronireland/state-server/internal/server/state_handler.go:53.16,55.35 2 1
github.com/aaronireland/state-server/internal/server/state_handler.go:55.35,57.4 1 1
github.com/aaronireland/state-server/internal/server/state_handler.go:57.9,59.4 1 1
github.com/aaronireland/state-server/internal/server/state_handler.go:60.3,60.9 1 1
github.com/aaronireland/state-server/internal/server/state_handler.go:63.2,63.46 1 1
github.com/aaronireland/state-server/internal/server/state_handler.go:69.59,71.2 1 1
github.com/aaronireland/state-server/internal/server/state_handler.go:75.81,77.46 2 1
github.com/aaronireland/state-server/internal/server/state_handler.go:77.46,80.3 2 1
github.com/aaronireland/state-server/internal/server/state_handler.go:82.2,83.16 2 1
github.com/aaronireland/state-server/internal/server/state_handler.go:83.16,85.39 2 1
github.com/aaronireland/state-server/internal/server/state_handler.go:85.39,87.4 1 1
github.com/aaronireland/state-server/internal/server/state_handler.go:87.9,89.4 1 1
github.com/aaronireland/state-server/internal/server/state_handler.go:90.3,90.9 1 1
github.com/aaronireland/state-server/internal/server/state_handler.go:93.2,94.48 2 1
github.com/aaronireland/state-server/internal/server/state_handler.go:99.81,102.47 2 1
github.com/aaronireland/state-server/internal/server/state_handler.go:102.47,104.3 1 1
github.com/aaronireland/state-server/internal/server/state_handler.go:106.2,107.14 2 1
github.com/aaronireland/state-server/internal/server/states_handler.go:16.81,21.2 1 1
github.com/aaronireland/state-server/internal/server/states_handler.go:23.88,25.2 1 1
github.com/aaronireland/state-server/internal/server/states_handler.go:29.80,31.16 2 1
github.com/aaronireland/state-server/internal/server/states_handler.go:31.16,34.3 2 1
github.com/aaronireland/state-server/internal/server/states_handler.go:36.2,37.31 2 1
github.com/aaronireland/state-server/internal/server/states_handler.go:37.31,39.3 1 1
github.com/aaronireland/state-server/internal/server/states_handler.go:41.2,41.59 1 1
github.com/aaronireland/state-server/pkg/geo/coordinate.go:10.42,12.2 1 1
github.com/aaronireland/state-server/pkg/geo/coordinate.go:20.37,22.2 1 1
github.com/aaronireland/state-server/pkg/geo/coordinate.go:24.51,26.2 1 1
github.com/aaronireland/state-server/pkg/geo/coordinate.go:28.55,30.53 2 1
github.com/aaronireland/state-server/pkg/geo/coordinate.go:30.53,32.3 1 1
github.com/aaronireland/state-server/pkg/geo/coordinate.go:34.2,34.21 1 1
github.com/aaronireland/state-server/pkg/geo/coordinate.go:34.21,36.3 1 1
github.com/aaronireland/state-server/pkg/geo/coordinate.go:38.2,40.12 2 1
github.com/aaronireland/state-server/pkg/geo/polygon.go:20.47,22.32 2 1
github.com/aaronireland/state-server/pkg/geo/polygon.go:22.32,24.3 1 1
github.com/aaronireland/state-server/pkg/geo/polygon.go:25.2,25.30 1 1
github.com/aaronireland/state-server/pkg/geo/polygon.go:30.34,32.26 2 1
github.com/aaronireland/state-server/pkg/geo/polygon.go:32.26,34.3 1 1
github.com/aaronireland/state-server/pkg/geo/polygon.go:36.2,36.56 1 1
github.com/aaronireland/state-server/pkg/geo/polygon.go:41.35,42.16 1 1
github.com/aaronireland/state-server/pkg/geo/polygon.go:42.16,44.3 1 1
github.com/aaronireland/state-server/pkg/geo/polygon.go:44.8,44.32 1 1
github.com/aaronireland/state-server/pkg/geo/polygon.go:44.32,46.3 1 1
github.com/aaronireland/state-server/pkg/geo/polygon.go:48.2,48.41 1 1
github.com/aaronireland/state-server/pkg/geo/polygon.go:48.41,50.3 1 1
github.com/aaronireland/state-server/pkg/geo/polygon.go:51.2,51.12 1 1
github.com/aaronireland/state-server/pkg/geo/polygon.go:54.48,56.2 1 1
github.com/aaronireland/state-server/pkg/geo/polygon.go:58.52,60.59 2 1
github.com/aaronireland/state-server/pkg/geo/polygon.go:60.59,62.3 1 1
github.com/aaronireland/state-server/pkg/geo/polygon.go:64.2,66.12 2 1
github.com/aaronireland/state-server/pkg/geo/polygon.go:77.61,78.30 1 1
github.com/aaronireland/state-server/pkg/geo/polygon.go:78.30,79.51 1 1
github.com/aaronireland/state-server/pkg/geo/polygon.go:79.51,81.4 1 1
github.com/aaronireland/state-server/pkg/geo/polygon.go:83.2,83.8 1 1
github.com/aaronireland/state-server/pkg/geo/polygon.go:87.51,89.25 2 1
github.com/aaronireland/state-server/pkg/geo/polygon.go:89.25,91.3 1 1
github.com/aaronireland/state-server/pkg/geo/polygon.go:91.8,93.3 1 1
github.com/aaronireland/state-server/pkg/geo/polygon.go:95.2,95.39 1 1
github.com/aaronireland/state-server/pkg/geo/polygon.go:95.39,97.3 1 1
github.com/aaronireland/state-server/pkg/geo/polygon.go:99.2,99.36 1 1
github.com/aaronireland/state-server/pkg/geo/polygon.go:99.36,101.3 1 1
github.com/aaronireland/state-server/pkg/geo/polygon.go:103.2,103.19 1 1
github.com/aaronireland/state-server/pkg/geo/polygon.go:103.19,104.20 1 1
github.com/aaronireland/state-server/pkg/geo/polygon.go:104.20,106.4 1 1
github.com/aaronireland/state-server/pkg/geo/polygon.go:108.3,108.20 1 1
github.com/aaronireland/state-server/pkg/geo/polygon.go:108.20,110.4 1 1
github.com/aaronireland/state-server/pkg/geo/polygon.go:111.8,112.20 1 1
github.com/aaronireland/state-server/pkg/geo/polygon.go:112.20,114.4 1 1
github.com/aaronireland/state-server/pkg/geo/polygon.go:116.3,116.20 1 1
github.com/aaronireland/state-server/pkg/geo/polygon.go:116.20,118.4 1 1
github.com/aaronireland/state-server/pkg/geo/polygon.go:121.2,121.67 1 1
github.com/aaronireland/state-server/pkg/geo/polygon.go:126.50,128.39 2 1
github.com/aaronireland/state-server/pkg/geo/polygon.go:128.39,130.3 1 1
github.com/aaronireland/state-server/pkg/geo/polygon.go:132.2,132.49 1 1
github.com/aaronireland/state-server/pkg/geo/state.go:20.55,25.2 1 1
github.com/aaronireland/state-server/pkg/geo/state.go:28.33,29.21 1 1
github.com/aaronireland/state-server/pkg/geo/state.go:29.21,31.3 1 1
github.com/aaronireland/state-server/pkg/geo/state.go:33.2,33.28 1 1
github.com/aaronireland/state-server/pkg/geo/state.go:38.53,40.2 1 1
github.com/aaronireland/state-server/internal/store/errors.go:11.45,13.2 1 1
github.com/aaronireland/state-server/internal/store/errors.go:21.44,23.2 1 1
github.com/aaronireland/state-server/internal/store/states.go:24.49,31.2 2 1
github.com/aaronireland/state-server/internal/store/states.go:34.66,39.33 4 1
github.com/aaronireland/state-server/internal/store/states.go:39.33,41.3 1 1
github.com/aaronireland/state-server/internal/store/states.go:42.2,42.20 1 1
github.com/aaronireland/state-server/internal/store/states.go:47.78,51.57 3 1
github.com/aaronireland/state-server/internal/store/states.go:51.57,53.3 1 1
github.com/aaronireland/state-server/internal/store/states.go:53.8,55.3 1 1
github.com/aaronireland/state-server/internal/store/states.go:60.79,67.43 5 1
github.com/aaronireland/state-server/internal/store/states.go:67.43,69.3 1 1
github.com/aaronireland/state-server/internal/store/states.go:71.2,71.41 1 1
github.com/aaronireland/state-server/internal/store/states.go:71.41,73.3 1 1
github.com/aaronireland/state-server/internal/store/states.go:75.2,77.21 2 1
github.com/aaronireland/state-server/internal/store/states.go:81.62,88.2 4 1
